<?xml version="1.0" encoding="UTF-8"?>
<!-- Generated by org.testng.reporters.JUnitReportReporter -->
<testsuite name="com.assignment1.automation.BookingFlow" tests="5" time="10.017" ignored="0" failures="0" timestamp="11 Apr 2021 16:53:01 GMT" skipped="0" hostname="BLRL80963" errors="0">
  <testcase name="validateConfirmationId" time="0.079" classname="com.assignment1.automation.BookingFlow"/>
  <testcase name="selectRecommendation" time="0.609" classname="com.assignment1.automation.BookingFlow"/>
  <testcase name="launchURL" time="7.076" classname="com.assignment1.automation.BookingFlow"/>
  <testcase name="searchFlight" time="0.873" classname="com.assignment1.automation.BookingFlow"/>
  <testcase name="fillPassengerInfo" time="1.380" classname="com.assignment1.automation.BookingFlow"/>
</testsuite> <!-- com.assignment1.automation.BookingFlow -->
