<?xml version="1.0" encoding="UTF-8"?>
<!-- Generated by org.testng.reporters.JUnitXMLReporter -->
<testsuite hostname="BLRL80963" ignored="0" name="Booking Flow validation" tests="5" failures="0" timestamp="11 Apr 2021 16:53:01 GMT" time="10.67" errors="0">
  <testcase name="launchURL" time="7.076" classname="com.assignment1.automation.BookingFlow"/>
  <testcase name="searchFlight" time="0.873" classname="com.assignment1.automation.BookingFlow"/>
  <testcase name="selectRecommendation" time="0.609" classname="com.assignment1.automation.BookingFlow"/>
  <testcase name="fillPassengerInfo" time="1.38" classname="com.assignment1.automation.BookingFlow"/>
  <testcase name="validateConfirmationId" time="0.079" classname="com.assignment1.automation.BookingFlow"/>
</testsuite> <!-- Booking Flow validation -->
